Arguments: 
  /Users/frankleal/.nvm/versions/node/v11.15.0/bin/node /usr/local/Cellar/yarn/1.22.5/libexec/bin/yarn.js init

PATH: 
  /Users/frankleal/Library/Android/sdk/build-tools:/Users/frankleal/Library/Android/sdk/emulator:/Users/frankleal/Library/Android/sdk/platform-tools:/Library/Java/JavaVirtualMachines/openjdk-11.0.2.jdk/Contents/Home:/Users/frankleal/Frameworks/Flutter/bin:/Users/frankleal/.nvm/versions/node/v11.15.0/bin:/usr/local/bin:/usr/bin:/bin:/usr/sbin:/sbin:/Applications/VMware Fusion.app/Contents/Public:/Library/Apple/usr/bin:/Users/frankleal/Library/Android/sdk/build-tools:/Users/frankleal/Library/Android/sdk/emulator:/Users/frankleal/Library/Android/sdk/platform-tools:/Library/Java/JavaVirtualMachines/openjdk-11.0.2.jdk/Contents/Home:/Users/frankleal/Frameworks/Flutter/bin:/Users/frankleal/.nvm/versions/node/v11.15.0/bin

Yarn version: 
  1.22.5

Node version: 
  11.15.0

Platform: 
  darwin x64

Trace: 
  Error: canceled
      at Interface.<anonymous> (/usr/local/Cellar/yarn/1.22.5/libexec/lib/cli.js:137009:13)
      at Interface.emit (events.js:193:13)
      at Interface._ttyWrite (readline.js:826:16)
      at ReadStream.onkeypress (readline.js:183:10)
      at ReadStream.emit (events.js:193:13)
      at emitKeys (internal/readline.js:424:14)
      at emitKeys.next (<anonymous>)
      at ReadStream.onData (readline.js:1097:36)
      at ReadStream.emit (events.js:193:13)
      at addChunk (_stream_readable.js:295:12)

npm manifest: 
  No manifest

yarn manifest: 
  No manifest

Lockfile: 
  No lockfile
